2021-10-12 04:40:24 [scrapy.utils.log] INFO: Scrapy 2.5.0 started (bot: remind_me_scraper)
2021-10-12 04:40:24 [scrapy.utils.log] INFO: Versions: lxml 4.6.3.0, libxml2 2.9.10, cssselect 1.1.0, parsel 1.6.0, w3lib 1.22.0, Twisted 21.7.0, Python 3.9.7 (default, Sep 28 2021, 18:32:58) - [GCC 10.2.1 20210110], pyOpenSSL 21.0.0 (OpenSSL 1.1.1l  24 Aug 2021), cryptography 35.0.0, Platform Linux-5.10.16.3-microsoft-standard-WSL2-x86_64-with-glibc2.31
2021-10-12 04:40:24 [scrapy.utils.log] DEBUG: Using reactor: twisted.internet.epollreactor.EPollReactor
2021-10-12 04:40:24 [scrapy.crawler] INFO: Overridden settings:
{'BOT_NAME': 'remind_me_scraper',
 'LOG_FILE': 'logs/remind_me_scraper/listings_spider/82b353c42b1611ec86da0242ac170003.log',
 'NEWSPIDER_MODULE': 'remind_me_scraper.spiders',
 'SPIDER_MODULES': ['remind_me_scraper.spiders']}
2021-10-12 04:40:24 [scrapy.extensions.telnet] INFO: Telnet Password: afdaf8f4cc2064ae
2021-10-12 04:40:24 [scrapy.middleware] INFO: Enabled extensions:
['scrapy.extensions.corestats.CoreStats',
 'scrapy.extensions.telnet.TelnetConsole',
 'scrapy.extensions.memusage.MemoryUsage',
 'scrapy.extensions.logstats.LogStats']
2021-10-12 04:40:24 [scrapy.middleware] INFO: Enabled downloader middlewares:
['scrapy.downloadermiddlewares.httpauth.HttpAuthMiddleware',
 'scrapy.downloadermiddlewares.downloadtimeout.DownloadTimeoutMiddleware',
 'scrapy.downloadermiddlewares.defaultheaders.DefaultHeadersMiddleware',
 'scrapy.downloadermiddlewares.useragent.UserAgentMiddleware',
 'scrapy.downloadermiddlewares.retry.RetryMiddleware',
 'scrapy.downloadermiddlewares.redirect.MetaRefreshMiddleware',
 'scrapy.downloadermiddlewares.httpcompression.HttpCompressionMiddleware',
 'scrapy.downloadermiddlewares.redirect.RedirectMiddleware',
 'scrapy.downloadermiddlewares.cookies.CookiesMiddleware',
 'scrapy.downloadermiddlewares.httpproxy.HttpProxyMiddleware',
 'scrapy.downloadermiddlewares.stats.DownloaderStats']
2021-10-12 04:40:24 [scrapy.middleware] INFO: Enabled spider middlewares:
['scrapy.spidermiddlewares.httperror.HttpErrorMiddleware',
 'scrapy.spidermiddlewares.offsite.OffsiteMiddleware',
 'scrapy.spidermiddlewares.referer.RefererMiddleware',
 'scrapy.spidermiddlewares.urllength.UrlLengthMiddleware',
 'scrapy.spidermiddlewares.depth.DepthMiddleware']
2021-10-12 04:40:24 [scrapy.middleware] INFO: Enabled item pipelines:
['remind_me_scraper.pipelines.RemindMeScraperPipeline']
2021-10-12 04:40:24 [scrapy.core.engine] INFO: Spider opened
2021-10-12 04:40:24 [scrapy.extensions.logstats] INFO: Crawled 0 pages (at 0 pages/min), scraped 0 items (at 0 items/min)
2021-10-12 04:40:24 [scrapy.extensions.telnet] INFO: Telnet console listening on 127.0.0.1:6023
2021-10-12 04:40:26 [scrapy.core.engine] DEBUG: Crawled (200) <GET https://www.amazon.ca/Pro-Plan-Veterinary-FortiFlora-Supplement/dp/B09BDDNCFH/ref=zg-bsnr_pet-supplies_1/137-1068272-4326158?pd_rd_w=GFm5E&pf_rd_p=1b333d54-760c-4345-a197-05d66e42d3ba&pf_rd_r=PWC77AQVANRMQF4W3QEB&pd_rd_r=c33c8d11-337e-4c5c-a7f0-4abd13c7aacc&pd_rd_wg=98PRk&pd_rd_i=B09BDDNCFH&psc=1> (referer: None)
2021-10-12 04:40:26 [scrapy.core.scraper] DEBUG: Scraped from <200 https://www.amazon.ca/Pro-Plan-Veterinary-FortiFlora-Supplement/dp/B09BDDNCFH/ref=zg-bsnr_pet-supplies_1/137-1068272-4326158?pd_rd_w=GFm5E&pf_rd_p=1b333d54-760c-4345-a197-05d66e42d3ba&pf_rd_r=PWC77AQVANRMQF4W3QEB&pd_rd_r=c33c8d11-337e-4c5c-a7f0-4abd13c7aacc&pd_rd_wg=98PRk&pd_rd_i=B09BDDNCFH&psc=1>
{'name': 'Purina Pro Plan Veterinary FortiFlora Probiotic Do',
 'stock': False,
 'url': 'https://www.amazon.ca/Pro-Plan-Veterinary-FortiFlora-Supplement/dp/B09BDDNCFH/ref=zg-bsnr_pet-supplies_1/137-1068272-4326158?pd_rd_w=GFm5E&pf_rd_p=1b333d54-760c-4345-a197-05d66e42d3ba&pf_rd_r=PWC77AQVANRMQF4W3QEB&pd_rd_r=c33c8d11-337e-4c5c-a7f0-4abd13c7aacc&pd_rd_wg=98PRk&pd_rd_i=B09BDDNCFH&psc=1',
 'user_email': 'denzelhooke@hotmail.com'}
2021-10-12 04:40:26 [scrapy.core.engine] INFO: Closing spider (finished)
2021-10-12 04:40:26 [scrapy.statscollectors] INFO: Dumping Scrapy stats:
{'downloader/request_bytes': 563,
 'downloader/request_count': 1,
 'downloader/request_method_count/GET': 1,
 'downloader/response_bytes': 281550,
 'downloader/response_count': 1,
 'downloader/response_status_count/200': 1,
 'elapsed_time_seconds': 1.86178,
 'finish_reason': 'finished',
 'finish_time': datetime.datetime(2021, 10, 12, 4, 40, 26, 700229),
 'httpcompression/response_bytes': 1417134,
 'httpcompression/response_count': 1,
 'item_scraped_count': 1,
 'log_count/DEBUG': 2,
 'log_count/INFO': 10,
 'memusage/max': 66109440,
 'memusage/startup': 66109440,
 'response_received_count': 1,
 'scheduler/dequeued': 1,
 'scheduler/dequeued/memory': 1,
 'scheduler/enqueued': 1,
 'scheduler/enqueued/memory': 1,
 'start_time': datetime.datetime(2021, 10, 12, 4, 40, 24, 838449)}
2021-10-12 04:40:26 [scrapy.core.engine] INFO: Spider closed (finished)
