2021-11-18 21:58:25 [scrapy.utils.log] INFO: Scrapy 2.5.0 started (bot: remind_me_scraper)
2021-11-18 21:58:25 [scrapy.utils.log] INFO: Versions: lxml 4.6.4.0, libxml2 2.9.10, cssselect 1.1.0, parsel 1.6.0, w3lib 1.22.0, Twisted 21.7.0, Python 3.9.9 (main, Nov 17 2021, 16:20:40) - [GCC 10.2.1 20210110], pyOpenSSL 21.0.0 (OpenSSL 1.1.1l  24 Aug 2021), cryptography 35.0.0, Platform Linux-5.11.0-27-generic-x86_64-with-glibc2.31
2021-11-18 21:58:25 [scrapy.utils.log] DEBUG: Using reactor: twisted.internet.epollreactor.EPollReactor
2021-11-18 21:58:25 [scrapy.crawler] INFO: Overridden settings:
{'BOT_NAME': 'remind_me_scraper',
 'LOG_FILE': 'logs/remind_me_scraper/listings_spider/a42e13ec48ba11ecbb910242ac120004.log',
 'NEWSPIDER_MODULE': 'remind_me_scraper.spiders',
 'SPIDER_MODULES': ['remind_me_scraper.spiders']}
2021-11-18 21:58:25 [scrapy.extensions.telnet] INFO: Telnet Password: 9a0f7a9d6fe70b86
2021-11-18 21:58:25 [scrapy.middleware] INFO: Enabled extensions:
['scrapy.extensions.corestats.CoreStats',
 'scrapy.extensions.telnet.TelnetConsole',
 'scrapy.extensions.memusage.MemoryUsage',
 'scrapy.extensions.logstats.LogStats']
2021-11-18 21:58:25 [scrapy.middleware] INFO: Enabled downloader middlewares:
['scrapy.downloadermiddlewares.httpauth.HttpAuthMiddleware',
 'scrapy.downloadermiddlewares.downloadtimeout.DownloadTimeoutMiddleware',
 'scrapy.downloadermiddlewares.defaultheaders.DefaultHeadersMiddleware',
 'scrapy.downloadermiddlewares.useragent.UserAgentMiddleware',
 'scrapy.downloadermiddlewares.retry.RetryMiddleware',
 'scrapy.downloadermiddlewares.redirect.MetaRefreshMiddleware',
 'scrapy.downloadermiddlewares.httpcompression.HttpCompressionMiddleware',
 'scrapy.downloadermiddlewares.redirect.RedirectMiddleware',
 'scrapy.downloadermiddlewares.cookies.CookiesMiddleware',
 'scrapy.downloadermiddlewares.httpproxy.HttpProxyMiddleware',
 'scrapy.downloadermiddlewares.stats.DownloaderStats']
2021-11-18 21:58:25 [scrapy.middleware] INFO: Enabled spider middlewares:
['scrapy.spidermiddlewares.httperror.HttpErrorMiddleware',
 'scrapy.spidermiddlewares.offsite.OffsiteMiddleware',
 'scrapy.spidermiddlewares.referer.RefererMiddleware',
 'scrapy.spidermiddlewares.urllength.UrlLengthMiddleware',
 'scrapy.spidermiddlewares.depth.DepthMiddleware']
2021-11-18 21:58:26 [scrapy.middleware] INFO: Enabled item pipelines:
['remind_me_scraper.pipelines.RemindMeScraperPipeline']
2021-11-18 21:58:26 [scrapy.core.engine] INFO: Spider opened
2021-11-18 21:58:26 [scrapy.extensions.logstats] INFO: Crawled 0 pages (at 0 pages/min), scraped 0 items (at 0 items/min)
2021-11-18 21:58:26 [scrapy.extensions.telnet] INFO: Telnet console listening on 127.0.0.1:6023
2021-11-18 21:58:28 [scrapy.core.engine] DEBUG: Crawled (200) <GET https://www.amazon.ca/dp/B08N4Z4YT6/ref=sspa_dk_detail_1?spLa=ZW5jcnlwdGVkUXVhbGlmaWVyPUE2UlhPVTFESDhJUkQmZW5jcnlwdGVkSWQ9QTA0NzY4NDgyV1JXQzZSTDRHMEY5JmVuY3J5cHRlZEFkSWQ9QTA2MTQwMzYzT1hNVzNYRFlORkE5JndpZGdldE5hbWU9c3BfZGV0YWlsMiZhY3Rpb249Y2xpY2tSZWRpcmVjdCZkb05vdExvZ0NsaWNrPXRydWU&th=1> (referer: None)
2021-11-18 21:58:28 [scrapy.core.scraper] DEBUG: Scraped from <200 https://www.amazon.ca/dp/B08N4Z4YT6/ref=sspa_dk_detail_1?spLa=ZW5jcnlwdGVkUXVhbGlmaWVyPUE2UlhPVTFESDhJUkQmZW5jcnlwdGVkSWQ9QTA0NzY4NDgyV1JXQzZSTDRHMEY5JmVuY3J5cHRlZEFkSWQ9QTA2MTQwMzYzT1hNVzNYRFlORkE5JndpZGdldE5hbWU9c3BfZGV0YWlsMiZhY3Rpb249Y2xpY2tSZWRpcmVjdCZkb05vdExvZ0NsaWNrPXRydWU&th=1>
{'name': 'Pink toiletry Bag', 'url': 'https://www.amazon.ca/dp/B08N4Z4YT6/ref=sspa_dk_detail_1?spLa=ZW5jcnlwdGVkUXVhbGlmaWVyPUE2UlhPVTFESDhJUkQmZW5jcnlwdGVkSWQ9QTA0NzY4NDgyV1JXQzZSTDRHMEY5JmVuY3J5cHRlZEFkSWQ9QTA2MTQwMzYzT1hNVzNYRFlORkE5JndpZGdldE5hbWU9c3BfZGV0YWlsMiZhY3Rpb249Y2xpY2tSZWRpcmVjdCZkb05vdExvZ0NsaWNrPXRydWU&th=1', 'stock': False, 'price': 0.0, 'user_email': 'denzelhooke@hotmail.com', 'uuid': 'bb6dd740-9205-4e21-8a22-779bceb052f0'}
2021-11-18 21:58:28 [scrapy.core.engine] INFO: Closing spider (finished)
2021-11-18 21:58:28 [scrapy.statscollectors] INFO: Dumping Scrapy stats:
{'downloader/request_bytes': 552,
 'downloader/request_count': 1,
 'downloader/request_method_count/GET': 1,
 'downloader/response_bytes': 285042,
 'downloader/response_count': 1,
 'downloader/response_status_count/200': 1,
 'elapsed_time_seconds': 2.157827,
 'finish_reason': 'finished',
 'finish_time': datetime.datetime(2021, 11, 18, 21, 58, 28, 238092),
 'httpcompression/response_bytes': 1556144,
 'httpcompression/response_count': 1,
 'item_scraped_count': 1,
 'log_count/DEBUG': 2,
 'log_count/INFO': 10,
 'memusage/max': 65474560,
 'memusage/startup': 65474560,
 'response_received_count': 1,
 'scheduler/dequeued': 1,
 'scheduler/dequeued/memory': 1,
 'scheduler/enqueued': 1,
 'scheduler/enqueued/memory': 1,
 'start_time': datetime.datetime(2021, 11, 18, 21, 58, 26, 80265)}
2021-11-18 21:58:28 [scrapy.core.engine] INFO: Spider closed (finished)
