2021-11-18 22:00:40 [scrapy.utils.log] INFO: Scrapy 2.5.0 started (bot: remind_me_scraper)
2021-11-18 22:00:40 [scrapy.utils.log] INFO: Versions: lxml 4.6.4.0, libxml2 2.9.10, cssselect 1.1.0, parsel 1.6.0, w3lib 1.22.0, Twisted 21.7.0, Python 3.9.9 (main, Nov 17 2021, 16:20:40) - [GCC 10.2.1 20210110], pyOpenSSL 21.0.0 (OpenSSL 1.1.1l  24 Aug 2021), cryptography 35.0.0, Platform Linux-5.11.0-27-generic-x86_64-with-glibc2.31
2021-11-18 22:00:40 [scrapy.utils.log] DEBUG: Using reactor: twisted.internet.epollreactor.EPollReactor
2021-11-18 22:00:40 [scrapy.crawler] INFO: Overridden settings:
{'BOT_NAME': 'remind_me_scraper',
 'LOG_FILE': 'logs/remind_me_scraper/listings_spider/f6edbce048ba11ecbb910242ac120004.log',
 'NEWSPIDER_MODULE': 'remind_me_scraper.spiders',
 'SPIDER_MODULES': ['remind_me_scraper.spiders']}
2021-11-18 22:00:40 [scrapy.extensions.telnet] INFO: Telnet Password: 5a0bf827605bff08
2021-11-18 22:00:40 [scrapy.middleware] INFO: Enabled extensions:
['scrapy.extensions.corestats.CoreStats',
 'scrapy.extensions.telnet.TelnetConsole',
 'scrapy.extensions.memusage.MemoryUsage',
 'scrapy.extensions.logstats.LogStats']
2021-11-18 22:00:40 [scrapy.middleware] INFO: Enabled downloader middlewares:
['scrapy.downloadermiddlewares.httpauth.HttpAuthMiddleware',
 'scrapy.downloadermiddlewares.downloadtimeout.DownloadTimeoutMiddleware',
 'scrapy.downloadermiddlewares.defaultheaders.DefaultHeadersMiddleware',
 'scrapy.downloadermiddlewares.useragent.UserAgentMiddleware',
 'scrapy.downloadermiddlewares.retry.RetryMiddleware',
 'scrapy.downloadermiddlewares.redirect.MetaRefreshMiddleware',
 'scrapy.downloadermiddlewares.httpcompression.HttpCompressionMiddleware',
 'scrapy.downloadermiddlewares.redirect.RedirectMiddleware',
 'scrapy.downloadermiddlewares.cookies.CookiesMiddleware',
 'scrapy.downloadermiddlewares.httpproxy.HttpProxyMiddleware',
 'scrapy.downloadermiddlewares.stats.DownloaderStats']
2021-11-18 22:00:40 [scrapy.middleware] INFO: Enabled spider middlewares:
['scrapy.spidermiddlewares.httperror.HttpErrorMiddleware',
 'scrapy.spidermiddlewares.offsite.OffsiteMiddleware',
 'scrapy.spidermiddlewares.referer.RefererMiddleware',
 'scrapy.spidermiddlewares.urllength.UrlLengthMiddleware',
 'scrapy.spidermiddlewares.depth.DepthMiddleware']
2021-11-18 22:00:40 [scrapy.middleware] INFO: Enabled item pipelines:
['remind_me_scraper.pipelines.RemindMeScraperPipeline']
2021-11-18 22:00:40 [scrapy.core.engine] INFO: Spider opened
2021-11-18 22:00:40 [scrapy.extensions.logstats] INFO: Crawled 0 pages (at 0 pages/min), scraped 0 items (at 0 items/min)
2021-11-18 22:00:40 [scrapy.extensions.telnet] INFO: Telnet console listening on 127.0.0.1:6023
2021-11-18 22:00:42 [scrapy.core.engine] DEBUG: Crawled (200) <GET https://www.amazon.ca/Leather-Self-Adhesive-Repair-Furniture-Drivers/dp/B09JLT74K7/ref=sr_1_3_sspa?keywords=leather&qid=1637120563&sr=8-3-spons&spLa=https://www.amazon.ca/Leather-Self-Adhesive-Repair-Furniture-Drivers/dp/B09JLT74K7/ref=sr_1_3_sspa?keywords=leather&qid=1637120563&sr=8-3-spons&spLa=ZW5jcnlwdGVkUXVhbGlmaWVyPUFVWFpWOVVURTIyQjAmZW5jcnlwdGVkSWQ9QTA5MzM2NzlEUzlTUVpCUjUxTU8mZW5jcnlwdGVkQWRJZD1BMDk0NDE2NDIwWkFXRExCNFowTUkmd2lkZ2V0TmFtZT1zcF9hdGYmYWN0aW9uPWNsaWNrUmVkaXJlY3QmZG9Ob3RMb2dDbGljaz10cnVl&th=1&th=1> (referer: None)
2021-11-18 22:00:42 [scrapy.core.scraper] DEBUG: Scraped from <200 https://www.amazon.ca/Leather-Self-Adhesive-Repair-Furniture-Drivers/dp/B09JLT74K7/ref=sr_1_3_sspa?keywords=leather&qid=1637120563&sr=8-3-spons&spLa=https://www.amazon.ca/Leather-Self-Adhesive-Repair-Furniture-Drivers/dp/B09JLT74K7/ref=sr_1_3_sspa?keywords=leather&qid=1637120563&sr=8-3-spons&spLa=ZW5jcnlwdGVkUXVhbGlmaWVyPUFVWFpWOVVURTIyQjAmZW5jcnlwdGVkSWQ9QTA5MzM2NzlEUzlTUVpCUjUxTU8mZW5jcnlwdGVkQWRJZD1BMDk0NDE2NDIwWkFXRExCNFowTUkmd2lkZ2V0TmFtZT1zcF9hdGYmYWN0aW9uPWNsaWNrUmVkaXJlY3QmZG9Ob3RMb2dDbGljaz10cnVl&th=1&th=1>
{'name': 'Leather Tape 4X118 Inch Self-Adhesive Leather Repa', 'url': 'https://www.amazon.ca/Leather-Self-Adhesive-Repair-Furniture-Drivers/dp/B09JLT74K7/ref=sr_1_3_sspa?keywords=leather&qid=1637120563&sr=8-3-spons&spLa=https://www.amazon.ca/Leather-Self-Adhesive-Repair-Furniture-Drivers/dp/B09JLT74K7/ref=sr_1_3_sspa?keywords=leather&qid=1637120563&sr=8-3-spons&spLa=ZW5jcnlwdGVkUXVhbGlmaWVyPUFVWFpWOVVURTIyQjAmZW5jcnlwdGVkSWQ9QTA5MzM2NzlEUzlTUVpCUjUxTU8mZW5jcnlwdGVkQWRJZD1BMDk0NDE2NDIwWkFXRExCNFowTUkmd2lkZ2V0TmFtZT1zcF9hdGYmYWN0aW9uPWNsaWNrUmVkaXJlY3QmZG9Ob3RMb2dDbGljaz10cnVl&th=1&th=1', 'stock': False, 'price': 0.0, 'user_email': 'linuxmail@mail.com', 'uuid': '974d6317-e485-40a1-8c9a-4fb3eaadefee'}
2021-11-18 22:00:42 [scrapy.core.engine] INFO: Closing spider (finished)
2021-11-18 22:00:42 [scrapy.statscollectors] INFO: Dumping Scrapy stats:
{'downloader/request_bytes': 786,
 'downloader/request_count': 1,
 'downloader/request_method_count/GET': 1,
 'downloader/response_bytes': 263025,
 'downloader/response_count': 1,
 'downloader/response_status_count/200': 1,
 'elapsed_time_seconds': 1.989658,
 'finish_reason': 'finished',
 'finish_time': datetime.datetime(2021, 11, 18, 22, 0, 42, 681873),
 'httpcompression/response_bytes': 1349139,
 'httpcompression/response_count': 1,
 'item_scraped_count': 1,
 'log_count/DEBUG': 2,
 'log_count/INFO': 10,
 'memusage/max': 65794048,
 'memusage/startup': 65794048,
 'response_received_count': 1,
 'scheduler/dequeued': 1,
 'scheduler/dequeued/memory': 1,
 'scheduler/enqueued': 1,
 'scheduler/enqueued/memory': 1,
 'start_time': datetime.datetime(2021, 11, 18, 22, 0, 40, 692215)}
2021-11-18 22:00:42 [scrapy.core.engine] INFO: Spider closed (finished)
