2021-08-27 12:06:22 [scrapy.utils.log] INFO: Scrapy 2.5.0 started (bot: remind_me_scraper)
2021-08-27 12:06:22 [scrapy.utils.log] INFO: Versions: lxml 4.6.3.0, libxml2 2.9.5, cssselect 1.1.0, parsel 1.6.0, w3lib 1.22.0, Twisted 21.2.0, Python 3.9.2 (tags/v3.9.2:1a79785, Feb 19 2021, 13:44:55) [MSC v.1928 64 bit (AMD64)], pyOpenSSL 20.0.1 (OpenSSL 1.1.1k  25 Mar 2021), cryptography 3.4.7, Platform Windows-10-10.0.19041-SP0
2021-08-27 12:06:22 [scrapy.utils.log] DEBUG: Using reactor: twisted.internet.selectreactor.SelectReactor
2021-08-27 12:06:22 [scrapy.crawler] INFO: Overridden settings:
{'BOT_NAME': 'remind_me_scraper',
 'LOG_FILE': 'logs\\remind_me_scraper\\listings_spider\\19ee525e075911eca7c3f02f74f365a8.log',
 'NEWSPIDER_MODULE': 'remind_me_scraper.spiders',
 'SPIDER_MODULES': ['remind_me_scraper.spiders']}
2021-08-27 12:06:22 [scrapy.extensions.telnet] INFO: Telnet Password: 7f93a24ad3e96dfe
2021-08-27 12:06:22 [scrapy.middleware] INFO: Enabled extensions:
['scrapy.extensions.corestats.CoreStats',
 'scrapy.extensions.telnet.TelnetConsole',
 'scrapy.extensions.logstats.LogStats']
2021-08-27 12:06:22 [twisted] CRITICAL: Unhandled error in Deferred:
2021-08-27 12:06:22 [twisted] CRITICAL: 
Traceback (most recent call last):
  File "c:\users\denze\projects\remindme\remindmevenv\lib\site-packages\twisted\internet\defer.py", line 1445, in _inlineCallbacks
    result = current_context.run(g.send, result)
  File "c:\users\denze\projects\remindme\remindmevenv\lib\site-packages\scrapy\crawler.py", line 86, in crawl
    self.spider = self._create_spider(*args, **kwargs)
  File "c:\users\denze\projects\remindme\remindmevenv\lib\site-packages\scrapy\crawler.py", line 98, in _create_spider
    return self.spidercls.from_crawler(self, *args, **kwargs)
  File "c:\users\denze\projects\remindme\remindmevenv\lib\site-packages\scrapy\spiders\__init__.py", line 50, in from_crawler
    spider = cls(*args, **kwargs)
  File "C:\Users\Denze\Projects\remindme\remind_me_scraper\remind_me_scraper\spiders\listing_spider.py", line 23, in __init__
    self.user_instance = CustomUser.objects.filter(email=user_instance).first(0)
TypeError: first() takes 1 positional argument but 2 were given
