2021-08-29 22:53:49 [scrapy.utils.log] INFO: Scrapy 2.5.0 started (bot: remind_me_scraper)
2021-08-29 22:53:49 [scrapy.utils.log] INFO: Versions: lxml 4.6.3.0, libxml2 2.9.5, cssselect 1.1.0, parsel 1.6.0, w3lib 1.22.0, Twisted 21.2.0, Python 3.9.2 (tags/v3.9.2:1a79785, Feb 19 2021, 13:44:55) [MSC v.1928 64 bit (AMD64)], pyOpenSSL 20.0.1 (OpenSSL 1.1.1k  25 Mar 2021), cryptography 3.4.7, Platform Windows-10-10.0.19041-SP0
2021-08-29 22:53:49 [scrapy.utils.log] DEBUG: Using reactor: twisted.internet.selectreactor.SelectReactor
2021-08-29 22:53:49 [scrapy.crawler] INFO: Overridden settings:
{'BOT_NAME': 'remind_me_scraper',
 'LOG_FILE': 'logs\\remind_me_scraper\\listings_spider\\dfa1d9b4094511ec9e3cf02f74f365a8.log',
 'NEWSPIDER_MODULE': 'remind_me_scraper.spiders',
 'SPIDER_MODULES': ['remind_me_scraper.spiders']}
2021-08-29 22:53:49 [scrapy.extensions.telnet] INFO: Telnet Password: ce6d1d990c5b5678
2021-08-29 22:53:49 [scrapy.middleware] INFO: Enabled extensions:
['scrapy.extensions.corestats.CoreStats',
 'scrapy.extensions.telnet.TelnetConsole',
 'scrapy.extensions.logstats.LogStats']
2021-08-29 22:53:49 [asyncio] DEBUG: Using proactor: IocpProactor
2021-08-29 22:53:49 [scrapy.middleware] INFO: Enabled downloader middlewares:
['scrapy.downloadermiddlewares.httpauth.HttpAuthMiddleware',
 'scrapy.downloadermiddlewares.downloadtimeout.DownloadTimeoutMiddleware',
 'scrapy.downloadermiddlewares.defaultheaders.DefaultHeadersMiddleware',
 'scrapy.downloadermiddlewares.useragent.UserAgentMiddleware',
 'scrapy.downloadermiddlewares.retry.RetryMiddleware',
 'scrapy.downloadermiddlewares.redirect.MetaRefreshMiddleware',
 'scrapy.downloadermiddlewares.httpcompression.HttpCompressionMiddleware',
 'scrapy.downloadermiddlewares.redirect.RedirectMiddleware',
 'scrapy.downloadermiddlewares.cookies.CookiesMiddleware',
 'scrapy.downloadermiddlewares.httpproxy.HttpProxyMiddleware',
 'scrapy.downloadermiddlewares.stats.DownloaderStats']
2021-08-29 22:53:49 [scrapy.middleware] INFO: Enabled spider middlewares:
['scrapy.spidermiddlewares.httperror.HttpErrorMiddleware',
 'scrapy.spidermiddlewares.offsite.OffsiteMiddleware',
 'scrapy.spidermiddlewares.referer.RefererMiddleware',
 'scrapy.spidermiddlewares.urllength.UrlLengthMiddleware',
 'scrapy.spidermiddlewares.depth.DepthMiddleware']
2021-08-29 22:53:49 [scrapy.middleware] INFO: Enabled item pipelines:
['remind_me_scraper.pipelines.RemindMeScraperPipeline']
2021-08-29 22:53:49 [scrapy.core.engine] INFO: Spider opened
2021-08-29 22:53:49 [scrapy.extensions.logstats] INFO: Crawled 0 pages (at 0 pages/min), scraped 0 items (at 0 items/min)
2021-08-29 22:53:49 [scrapy.extensions.telnet] INFO: Telnet console listening on 127.0.0.1:6023
2021-08-29 22:53:50 [scrapy.core.engine] DEBUG: Crawled (200) <GET https://www.amazon.ca/dp/B07WRMR2CX/ref=cm_sw_r_sms_api_glt_i_VKS7JA9NKX2W0Q0J65SE> (referer: None)
2021-08-29 22:53:51 [scrapy.core.scraper] DEBUG: Scraped from <200 https://www.amazon.ca/dp/B07WRMR2CX/ref=cm_sw_r_sms_api_glt_i_VKS7JA9NKX2W0Q0J65SE>
{'author': <CustomUser: fakeaccount@mail.com>,
 'name': 'Raspberry Pi 4',
 'price': 134.99,
 'stock': False,
 'url': 'https://www.amazon.ca/dp/B07WRMR2CX/ref=cm_sw_r_sms_api_glt_i_VKS7JA9NKX2W0Q0J65SE'}
2021-08-29 22:53:51 [scrapy.core.engine] INFO: Closing spider (finished)
2021-08-29 22:53:51 [scrapy.statscollectors] INFO: Dumping Scrapy stats:
{'downloader/request_bytes': 348,
 'downloader/request_count': 1,
 'downloader/request_method_count/GET': 1,
 'downloader/response_bytes': 302856,
 'downloader/response_count': 1,
 'downloader/response_status_count/200': 1,
 'elapsed_time_seconds': 1.903375,
 'finish_reason': 'finished',
 'finish_time': datetime.datetime(2021, 8, 30, 3, 53, 51, 212621),
 'httpcompression/response_bytes': 1558855,
 'httpcompression/response_count': 1,
 'item_scraped_count': 1,
 'log_count/DEBUG': 3,
 'log_count/INFO': 10,
 'response_received_count': 1,
 'scheduler/dequeued': 1,
 'scheduler/dequeued/memory': 1,
 'scheduler/enqueued': 1,
 'scheduler/enqueued/memory': 1,
 'start_time': datetime.datetime(2021, 8, 30, 3, 53, 49, 309246)}
2021-08-29 22:53:51 [scrapy.core.engine] INFO: Spider closed (finished)
