2021-08-27 12:04:52 [scrapy.utils.log] INFO: Scrapy 2.5.0 started (bot: remind_me_scraper)
2021-08-27 12:04:52 [scrapy.utils.log] INFO: Versions: lxml 4.6.3.0, libxml2 2.9.5, cssselect 1.1.0, parsel 1.6.0, w3lib 1.22.0, Twisted 21.2.0, Python 3.9.2 (tags/v3.9.2:1a79785, Feb 19 2021, 13:44:55) [MSC v.1928 64 bit (AMD64)], pyOpenSSL 20.0.1 (OpenSSL 1.1.1k  25 Mar 2021), cryptography 3.4.7, Platform Windows-10-10.0.19041-SP0
2021-08-27 12:04:52 [scrapy.utils.log] DEBUG: Using reactor: twisted.internet.selectreactor.SelectReactor
2021-08-27 12:04:52 [scrapy.crawler] INFO: Overridden settings:
{'BOT_NAME': 'remind_me_scraper',
 'LOG_FILE': 'logs\\remind_me_scraper\\listings_spider\\e4877890075811ecaa72f02f74f365a8.log',
 'NEWSPIDER_MODULE': 'remind_me_scraper.spiders',
 'SPIDER_MODULES': ['remind_me_scraper.spiders']}
2021-08-27 12:04:52 [scrapy.extensions.telnet] INFO: Telnet Password: e676b1f0bf9281bc
2021-08-27 12:04:52 [scrapy.middleware] INFO: Enabled extensions:
['scrapy.extensions.corestats.CoreStats',
 'scrapy.extensions.telnet.TelnetConsole',
 'scrapy.extensions.logstats.LogStats']
2021-08-27 12:04:53 [scrapy.middleware] INFO: Enabled downloader middlewares:
['scrapy.downloadermiddlewares.httpauth.HttpAuthMiddleware',
 'scrapy.downloadermiddlewares.downloadtimeout.DownloadTimeoutMiddleware',
 'scrapy.downloadermiddlewares.defaultheaders.DefaultHeadersMiddleware',
 'scrapy.downloadermiddlewares.useragent.UserAgentMiddleware',
 'scrapy.downloadermiddlewares.retry.RetryMiddleware',
 'scrapy.downloadermiddlewares.redirect.MetaRefreshMiddleware',
 'scrapy.downloadermiddlewares.httpcompression.HttpCompressionMiddleware',
 'scrapy.downloadermiddlewares.redirect.RedirectMiddleware',
 'scrapy.downloadermiddlewares.cookies.CookiesMiddleware',
 'scrapy.downloadermiddlewares.httpproxy.HttpProxyMiddleware',
 'scrapy.downloadermiddlewares.stats.DownloaderStats']
2021-08-27 12:04:53 [scrapy.middleware] INFO: Enabled spider middlewares:
['scrapy.spidermiddlewares.httperror.HttpErrorMiddleware',
 'scrapy.spidermiddlewares.offsite.OffsiteMiddleware',
 'scrapy.spidermiddlewares.referer.RefererMiddleware',
 'scrapy.spidermiddlewares.urllength.UrlLengthMiddleware',
 'scrapy.spidermiddlewares.depth.DepthMiddleware']
2021-08-27 12:04:53 [scrapy.middleware] INFO: Enabled item pipelines:
['remind_me_scraper.pipelines.RemindMeScraperPipeline']
2021-08-27 12:04:53 [scrapy.core.engine] INFO: Spider opened
2021-08-27 12:04:53 [scrapy.extensions.logstats] INFO: Crawled 0 pages (at 0 pages/min), scraped 0 items (at 0 items/min)
2021-08-27 12:04:53 [scrapy.extensions.telnet] INFO: Telnet console listening on 127.0.0.1:6023
2021-08-27 12:04:55 [scrapy.core.engine] DEBUG: Crawled (200) <GET https://www.amazon.ca/Auxbeam-Lights-Offroad-Driving-Wrangler/dp/B08N68P68G?ref_=Oct_DLandingS_D_5fd213e2_60&smid=AFLE0NKKTARYW> (referer: None)
2021-08-27 12:04:55 [scrapy.core.scraper] ERROR: Error processing {'author': 'cooldude@mail.com',
 'name': 'Auxbeam 4 Inch 40W LED Amber Fog Lights, 2Pcs Roun',
 'stock': False,
 'url': 'https://www.amazon.ca/Auxbeam-Lights-Offroad-Driving-Wrangler/dp/B08N68P68G?ref_=Oct_DLandingS_D_5fd213e2_60&smid=AFLE0NKKTARYW'}
Traceback (most recent call last):
  File "c:\users\denze\projects\remindme\remindmevenv\lib\site-packages\twisted\internet\defer.py", line 662, in _runCallbacks
    current.result = callback(current.result, *args, **kw)
  File "c:\users\denze\projects\remindme\remindmevenv\lib\site-packages\scrapy\utils\defer.py", line 150, in f
    return deferred_from_coro(coro_f(*coro_args, **coro_kwargs))
  File "C:\Users\Denze\Projects\remindme\remind_me_scraper\remind_me_scraper\pipelines.py", line 17, in process_item
    item.save()
  File "c:\users\denze\projects\remindme\remindmevenv\lib\site-packages\scrapy_djangoitem\__init__.py", line 35, in save
    self.instance.save()
  File "c:\users\denze\projects\remindme\remindmevenv\lib\site-packages\scrapy_djangoitem\__init__.py", line 72, in instance
    self._instance = self.django_model(**modelargs)
  File "c:\users\denze\projects\remindme\remindmevenv\lib\site-packages\django\db\models\base.py", line 485, in __init__
    _setattr(self, field.name, rel_obj)
  File "c:\users\denze\projects\remindme\remindmevenv\lib\site-packages\django\db\models\fields\related_descriptors.py", line 215, in __set__
    raise ValueError(
ValueError: Cannot assign "'cooldude@mail.com'": "Product.author" must be a "CustomUser" instance.
2021-08-27 12:04:55 [scrapy.core.engine] INFO: Closing spider (finished)
2021-08-27 12:04:55 [scrapy.statscollectors] INFO: Dumping Scrapy stats:
{'downloader/request_bytes': 393,
 'downloader/request_count': 1,
 'downloader/request_method_count/GET': 1,
 'downloader/response_bytes': 316720,
 'downloader/response_count': 1,
 'downloader/response_status_count/200': 1,
 'elapsed_time_seconds': 2.164773,
 'finish_reason': 'finished',
 'finish_time': datetime.datetime(2021, 8, 27, 17, 4, 55, 260532),
 'httpcompression/response_bytes': 1650494,
 'httpcompression/response_count': 1,
 'log_count/DEBUG': 1,
 'log_count/ERROR': 1,
 'log_count/INFO': 10,
 'response_received_count': 1,
 'scheduler/dequeued': 1,
 'scheduler/dequeued/memory': 1,
 'scheduler/enqueued': 1,
 'scheduler/enqueued/memory': 1,
 'start_time': datetime.datetime(2021, 8, 27, 17, 4, 53, 95759)}
2021-08-27 12:04:55 [scrapy.core.engine] INFO: Spider closed (finished)
